0 info it worked if it ends with ok
1 verbose cli [ '/Users/wxu/anaconda/bin/node',
1 verbose cli   '/Users/wxu/anaconda/bin/npm',
1 verbose cli   'link',
1 verbose cli   '../../mongodb/' ]
2 info using npm@3.10.10
3 info using node@v6.10.3
4 verbose linkPkg /Users/wxu/Google Drive/BNL/CODAR_FY16/software/mongodb
5 verbose stack Error: ENOENT: no such file or directory, open '/Users/wxu/Google Drive/BNL/CODAR_FY16/software/mongodb/package.json'
5 verbose stack     at Error (native)
6 verbose cwd /Users/wxu/Google Drive/BNL/CODAR_FY16/software/PerformanceVisualization/perfvis
7 error Darwin 16.6.0
8 error argv "/Users/wxu/anaconda/bin/node" "/Users/wxu/anaconda/bin/npm" "link" "../../mongodb/"
9 error node v6.10.3
10 error npm  v3.10.10
11 error path /Users/wxu/Google Drive/BNL/CODAR_FY16/software/mongodb/package.json
12 error code ENOENT
13 error errno -2
14 error syscall open
15 error enoent ENOENT: no such file or directory, open '/Users/wxu/Google Drive/BNL/CODAR_FY16/software/mongodb/package.json'
16 error enoent ENOENT: no such file or directory, open '/Users/wxu/Google Drive/BNL/CODAR_FY16/software/mongodb/package.json'
16 error enoent This is most likely not a problem with npm itself
16 error enoent and is related to npm not being able to find a file.
17 verbose exit [ -2, true ]
